	(INFO) 
	(INFO) 3 de noviembre de 2018 14:19:47 CET
	(INFO) Cargando ventana clsEleccion
	(INFO) 
	(INFO) 3 de noviembre de 2018 14:19:54 CET
	(INFO) Obteniendo los jugadores ordenados por Elo
	(INFO) Obteniendo los jugadores ordenados por Elo
	(INFO) Obteniendo los jugadores ordenados por Elo
	(INFO) Obteniendo los jugadores ordenados por Elo
	(INFO) 
	(INFO) 3 de noviembre de 2018 14:19:54 CET
	(INFO) Obteniendo los jugadores ordenados por Elo
	(INFO) Obteniendo los jugadores ordenados por Elo
	(INFO) Obteniendo los jugadores ordenados por Elo
	(INFO) Obteniendo los jugadores ordenados por Elo
	(INFO) 
	(INFO) 3 de noviembre de 2018 15:45:52 CET
	(INFO) Cargando ventana clsEleccion
	(INFO) 
	(INFO) 3 de noviembre de 2018 15:46:03 CET
	(INFO) Obteniendo los jugadores ordenados por Elo
	(INFO) Obteniendo los jugadores ordenados por Elo
	(INFO) Obteniendo los jugadores ordenados por Elo
	(INFO) Obteniendo los jugadores ordenados por Elo
	(INFO) 
	(INFO) 3 de noviembre de 2018 15:46:03 CET
	(INFO) Obteniendo los jugadores ordenados por Elo
	(INFO) Obteniendo los jugadores ordenados por Elo
	(INFO) Obteniendo los jugadores ordenados por Elo
	(INFO) Obteniendo los jugadores ordenados por Elo
	(INFO) 
	(INFO) 3 de noviembre de 2018 15:46:48 CET
	(INFO) Cargando ventana clsEleccion
	(INFO) 
	(INFO) 3 de noviembre de 2018 15:51:39 CET
	(INFO) Cargando ventana clsEleccion
	(INFO) 
	(INFO) 3 de noviembre de 2018 15:51:54 CET
	(INFO) Obteniendo los jugadores ordenados por Elo
	(INFO) 
	(INFO) 3 de noviembre de 2018 15:51:54 CET
	(INFO) Obteniendo los jugadores ordenados por Elo
	(INFO) 
	(INFO) 3 de noviembre de 2018 15:56:22 CET
	(INFO) Cargando ventana clsEleccion
	(INFO) 
	(INFO) 3 de noviembre de 2018 15:59:21 CET
	(INFO) Cargando ventana clsEleccion
	(INFO) 
	(INFO) 3 de noviembre de 2018 16:00:19 CET
	(INFO) Cargando ventana clsEleccion
	(INFO) 
	(INFO) 3 de noviembre de 2018 16:00:27 CET
	(INFO) Obteniendo los jugadores ordenados por Elo
	(INFO) 
	(INFO) 3 de noviembre de 2018 16:00:27 CET
	(INFO) Obteniendo los jugadores ordenados por Elo
	(INFO) 
	(INFO) 3 de noviembre de 2018 16:52:32 CET
	(INFO) Cargando ventana clsEleccion
	(INFO) 
	(INFO) 3 de noviembre de 2018 16:43:18 CET
	(INFO) Cargando ventana clsEleccion
	(INFO) 
	(INFO) 3 de noviembre de 2018 16:43:26 CET
	(INFO) Obteniendo los jugadores ordenados por Elo
	(INFO) 
	(INFO) 3 de noviembre de 2018 16:43:26 CET
	(INFO) Obteniendo los jugadores ordenados por Elo
	(INFO) 
	(INFO) 3 de noviembre de 2018 16:41:58 CET
	(INFO) Cargando ventana clsEleccion
	(INFO) 
	(INFO) 3 de noviembre de 2018 16:42:08 CET
	(INFO) Obteniendo los jugadores ordenados por Elo
	(INFO) 
	(INFO) 3 de noviembre de 2018 16:42:08 CET
	(INFO) Obteniendo los jugadores ordenados por Elo
	(INFO) 
	(INFO) 3 de noviembre de 2018 17:00:06 CET
	(INFO) Cargando ventana clsEleccion
	(INFO) 
	(INFO) 3 de noviembre de 2018 17:00:20 CET
	(INFO) Obteniendo los jugadores ordenados por Elo
	(INFO) 
	(INFO) 3 de noviembre de 2018 17:00:20 CET
	(INFO) Obteniendo los jugadores ordenados por Elo
	(INFO) 
	(INFO) 3 de noviembre de 2018 17:00:57 CET
	(INFO) Cargando ventana clsEleccion
	(INFO) 
	(INFO) 3 de noviembre de 2018 16:58:17 CET
	(INFO) Cargando ventana clsEleccion
	(INFO) 
	(INFO) 3 de noviembre de 2018 16:58:34 CET
	(INFO) Obteniendo los jugadores ordenados por Elo
	(INFO) 
	(INFO) 3 de noviembre de 2018 16:58:34 CET
	(INFO) Obteniendo los jugadores ordenados por Elo
	(INFO) 
	(INFO) 3 de noviembre de 2018 17:05:04 CET
	(INFO) Cargando ventana clsEleccion
	(INFO) 
	(INFO) 3 de noviembre de 2018 17:05:14 CET
	(INFO) Obteniendo los jugadores ordenados por Elo
	(INFO) 
	(INFO) 3 de noviembre de 2018 17:05:14 CET
	(INFO) Obteniendo los jugadores ordenados por Elo
	(INFO) 
	(INFO) 3 de noviembre de 2018 17:03:39 CET
	(INFO) Cargando ventana clsEleccion
	(INFO) 
	(INFO) 3 de noviembre de 2018 17:03:47 CET
	(INFO) Obteniendo los jugadores ordenados por Elo
	(INFO) 
	(INFO) 3 de noviembre de 2018 17:03:47 CET
	(INFO) Obteniendo los jugadores ordenados por Elo
	(INFO) 
	(INFO) 3 de noviembre de 2018 17:07:37 CET
	(INFO) Cargando ventana clsEleccion
	(INFO) 
	(INFO) 3 de noviembre de 2018 17:07:44 CET
	(INFO) Obteniendo los jugadores ordenados por Elo
	(INFO) 
	(INFO) 3 de noviembre de 2018 17:07:44 CET
	(INFO) Obteniendo los jugadores ordenados por Elo
	(INFO) 
	(INFO) 3 de noviembre de 2018 17:10:09 CET
	(INFO) Cargando ventana clsEleccion
	(INFO) 
	(INFO) 3 de noviembre de 2018 17:10:20 CET
	(INFO) 
	(INFO) 3 de noviembre de 2018 17:10:20 CET
	(INFO) 
	(INFO) 3 de noviembre de 2018 17:10:56 CET
	(INFO) Cargando ventana clsEleccion
	(INFO) 
	(INFO) 3 de noviembre de 2018 17:11:04 CET
	(INFO) Obteniendo los jugadores ordenados por Elo
	(INFO) 
	(INFO) 3 de noviembre de 2018 17:11:04 CET
	(INFO) Obteniendo los jugadores ordenados por Elo
	(INFO) 
	(INFO) 3 de noviembre de 2018 17:14:47 CET
	(INFO) Cargando ventana clsEleccion
	(INFO) 
	(INFO) 3 de noviembre de 2018 17:14:57 CET
	(INFO) Obteniendo los jugadores ordenados por Elo
	(INFO) 
	(INFO) 3 de noviembre de 2018 17:14:57 CET
	(INFO) Obteniendo los jugadores ordenados por Elo
	(INFO) 
	(INFO) 3 de noviembre de 2018 17:16:20 CET
	(INFO) Cargando ventana clsEleccion
	(INFO) 
	(INFO) 3 de noviembre de 2018 17:16:26 CET
	(INFO) Obteniendo los jugadores ordenados por Elo
	(INFO) Obteniendo los jugadores ordenados por Elo
	(INFO) 
	(INFO) 3 de noviembre de 2018 17:16:26 CET
	(INFO) Obteniendo los jugadores ordenados por Elo
	(INFO) Obteniendo los jugadores ordenados por Elo
	(INFO) 
	(INFO) 3 de noviembre de 2018 17:15:49 CET
	(INFO) Cargando ventana clsEleccion
	(INFO) 
	(INFO) 3 de noviembre de 2018 17:15:55 CET
	(INFO) Obteniendo los jugadores ordenados por Elo
	(INFO) 
	(INFO) 3 de noviembre de 2018 17:15:55 CET
	(INFO) Obteniendo los jugadores ordenados por Elo
	(INFO) 
	(INFO) 4 de noviembre de 2018 19:05:38 CET
	(INFO) Cargando ventana clsEleccion
	(INFO) 
	(INFO) 4 de noviembre de 2018 19:24:47 CET
	(INFO) Cargando ventana clsEleccion
	(INFO) 
	(INFO) 4 de noviembre de 2018 19:32:46 CET
	(INFO) Cargando ventana clsEleccion
	(INFO) 
	(INFO) 4 de noviembre de 2018 19:32:59 CET
	(INFO) Obteniendo los jugadores ordenados por Elo
	(INFO) 
	(INFO) 4 de noviembre de 2018 19:32:59 CET
	(INFO) Obteniendo los jugadores ordenados por Elo
	(INFO) 
	(INFO) 4 de noviembre de 2018 19:34:12 CET
	(INFO) Cargando ventana clsEleccion
	(INFO) 
	(INFO) 4 de noviembre de 2018 19:34:19 CET
	(INFO) Obteniendo los jugadores ordenados por Elo
	(INFO) Obteniendo los jugadores ordenados por Elo
	(INFO) 
	(INFO) 4 de noviembre de 2018 19:34:19 CET
	(INFO) Obteniendo los jugadores ordenados por Elo
	(INFO) Obteniendo los jugadores ordenados por Elo
	(INFO) 
	(INFO) 4 de noviembre de 2018 19:35:27 CET
	(INFO) Cargando ventana clsEleccion
	(INFO) 
	(INFO) 4 de noviembre de 2018 19:35:33 CET
	(INFO) Obteniendo los jugadores ordenados por Elo
	(INFO) 
	(INFO) 4 de noviembre de 2018 19:35:33 CET
	(INFO) Obteniendo los jugadores ordenados por Elo
	(INFO) 
	(INFO) 4 de noviembre de 2018 19:39:46 CET
	(INFO) Cargando ventana clsEleccion
	(INFO) 
	(INFO) 4 de noviembre de 2018 19:39:53 CET
	(INFO) Obteniendo los jugadores ordenados por Elo
	(INFO) 
	(INFO) 4 de noviembre de 2018 19:39:53 CET
	(INFO) Obteniendo los jugadores ordenados por Elo
	(INFO) 
	(INFO) 4 de noviembre de 2018 19:41:57 CET
	(INFO) Cargando ventana clsEleccion
	(INFO) 
	(INFO) 5 de noviembre de 2018 8:30:58 CET
	(INFO) Obteniendo los jugadores ordenados por Elo
	(INFO) Obteniendo los jugadores ordenados por Elo
	(INFO) Obteniendo los jugadores ordenados por Elo
	(INFO) Obteniendo los jugadores ordenados por Elo
	(INFO) Obteniendo los jugadores ordenados por Elo
	(INFO) Obteniendo los jugadores ordenados por Elo
	(INFO) Obteniendo los jugadores ordenados por Elo
	(INFO) Obteniendo los jugadores ordenados por Elo
	(INFO) 
	(INFO) 5 de noviembre de 2018 8:44:57 CET
	(INFO) Obteniendo los jugadores ordenados por Elo
	(INFO) 
	(INFO) 5 de noviembre de 2018 9:11:03 CET
	(INFO) Obteniendo los jugadores ordenados por Elo
	(INFO) 
	(INFO) 5 de noviembre de 2018 9:11:09 CET
	(INFO) Dando de alta máquina eólica b
	(INFO) Obteniendo los jugadores ordenados por Elo
	(INFO) 
	(INFO) 5 de noviembre de 2018 9:11:09 CET
	(INFO) Dando de alta máquina eólica b
	(INFO) Obteniendo los jugadores ordenados por Elo
	(INFO) 
	(INFO) 5 de noviembre de 2018 9:18:43 CET
	(INFO) Obteniendo los jugadores ordenados por Elo
	(INFO) 
	(INFO) 5 de noviembre de 2018 9:18:51 CET
	(INFO) 
	(INFO) 5 de noviembre de 2018 9:18:51 CET
	(INFO) 
	(INFO) 5 de noviembre de 2018 9:19:23 CET
	(INFO) Obteniendo los jugadores ordenados por Elo
	(INFO) 
	(INFO) 5 de noviembre de 2018 9:21:37 CET
	(INFO) Obteniendo los jugadores ordenados por Elo
	(INFO) 
	(INFO) 5 de noviembre de 2018 9:21:45 CET
	(INFO) Dando de alta máquina eólica dfsdfsdfff
	(INFO) Obteniendo los jugadores ordenados por Elo
	(INFO) 
	(INFO) 5 de noviembre de 2018 9:21:45 CET
	(INFO) Dando de alta máquina eólica dfsdfsdfff
	(INFO) Obteniendo los jugadores ordenados por Elo
	(INFO) 
	(INFO) 5 de noviembre de 2018 9:23:25 CET
	(INFO) Cargando ventana clsEleccion
	(INFO) 
	(INFO) 5 de noviembre de 2018 9:23:39 CET
	(INFO) Dando de alta al usuario w
	(INFO) 
	(INFO) 5 de noviembre de 2018 9:23:39 CET
	(INFO) Dando de alta al usuario w
	(INFO) 
	(INFO) 5 de noviembre de 2018 9:24:22 CET
	(INFO) Cargando ventana clsEleccion
	(INFO) 
	(INFO) 5 de noviembre de 2018 9:24:27 CET
	(INFO) Dando de alta al usuario W
	(INFO) 
	(INFO) 5 de noviembre de 2018 9:24:27 CET
	(INFO) Dando de alta al usuario W
	(INFO) 
	(INFO) 5 de noviembre de 2018 9:49:21 CET
	(INFO) Cargando ventana clsEleccion
	(INFO) 
	(INFO) 5 de noviembre de 2018 9:49:43 CET
	(INFO) Dando de alta al usuario W
	(INFO) 
	(INFO) 5 de noviembre de 2018 9:49:43 CET
	(INFO) Dando de alta al usuario W
	(INFO) 
	(INFO) 5 de noviembre de 2018 10:03:29 CET
	(INFO) Cargando ventana clsEleccion
	(INFO) 
	(INFO) 5 de noviembre de 2018 16:46:47 CET
	(INFO) Cargando ventana clsEleccion
	(INFO) 
	(INFO) 5 de noviembre de 2018 16:46:53 CET
	(INFO) Dando de alta al usuario W
	(INFO) 
	(INFO) 5 de noviembre de 2018 16:46:53 CET
	(INFO) Dando de alta al usuario W
	(INFO) 
	(INFO) 5 de noviembre de 2018 16:50:20 CET
	(INFO) Cargando ventana clsEleccion
	(INFO) 
	(INFO) 5 de noviembre de 2018 16:50:25 CET
	(INFO) Dando de alta al usuario W
	(INFO) 
	(INFO) 5 de noviembre de 2018 16:50:25 CET
	(INFO) Dando de alta al usuario W
	(INFO) 
	(INFO) 5 de noviembre de 2018 16:51:19 CET
	(INFO) Cargando ventana clsEleccion
	(INFO) 
	(INFO) 5 de noviembre de 2018 16:51:23 CET
	(INFO) Dando de alta al usuario W
	(INFO) Cargando ventana clsEleccion
	(INFO) 
	(INFO) 5 de noviembre de 2018 16:51:23 CET
	(INFO) Dando de alta al usuario W
	(INFO) Cargando ventana clsEleccion
	(INFO) 
	(INFO) 5 de noviembre de 2018 16:52:58 CET
	(INFO) Cargando ventana clsEleccion
	(INFO) 
	(INFO) 5 de noviembre de 2018 16:53:02 CET
	(INFO) Dando de alta al usuario W
	(INFO) 
	(INFO) 5 de noviembre de 2018 16:53:02 CET
	(INFO) Dando de alta al usuario W
	(INFO) 
	(INFO) 5 de noviembre de 2018 17:06:41 CET
	(INFO) Cargando ventana clsEleccion
	(INFO) 
	(INFO) 5 de noviembre de 2018 17:06:47 CET
	(INFO) 
	(INFO) 5 de noviembre de 2018 17:06:47 CET
	(INFO) 
	(INFO) 5 de noviembre de 2018 17:17:44 CET
	(INFO) Cargando ventana clsEleccion
	(INFO) 
	(INFO) 5 de noviembre de 2018 17:17:48 CET
	(INFO) Cargando ventana clsEleccion
	(INFO) 
	(INFO) 5 de noviembre de 2018 17:17:48 CET
	(INFO) Cargando ventana clsEleccion
	(INFO) 
	(INFO) 5 de noviembre de 2018 17:40:27 CET
	(INFO) Cargando ventana clsEleccion
	(INFO) 
	(INFO) 5 de noviembre de 2018 17:40:34 CET
	(INFO) Obteniendo los jugadores ordenados por Elo
	(INFO) 
	(INFO) 5 de noviembre de 2018 17:40:34 CET
	(INFO) Obteniendo los jugadores ordenados por Elo
	(INFO) 
	(INFO) 5 de noviembre de 2018 17:40:55 CET
	(INFO) Cargando ventana clsEleccion
	(INFO) 
	(INFO) 5 de noviembre de 2018 17:41:01 CET
	(INFO) Dando de alta máquina hidráulica g
	(INFO) Dando de alta máquina hidráulica df sc
	(INFO) Dando de alta máquina hidráulica gtb
	(INFO) 
	(INFO) 5 de noviembre de 2018 17:41:52 CET
	(INFO) Obteniendo los jugadores ordenados por Elo
	(INFO) 
	(INFO) 5 de noviembre de 2018 17:41:01 CET
	(INFO) Dando de alta máquina hidráulica g
	(INFO) Dando de alta máquina hidráulica df sc
	(INFO) Dando de alta máquina hidráulica gtb
	(INFO) 
	(INFO) 5 de noviembre de 2018 17:41:52 CET
	(INFO) Obteniendo los jugadores ordenados por Elo
	(INFO) 
	(INFO) 5 de noviembre de 2018 17:41:52 CET
	(INFO) Obteniendo los jugadores ordenados por Elo
	(INFO) 
	(INFO) 5 de noviembre de 2018 17:42:12 CET
	(INFO) Cargando ventana clsEleccion
	(INFO) 
	(INFO) 5 de noviembre de 2018 17:42:17 CET
	(INFO) Obteniendo los jugadores ordenados por Elo
	(INFO) 
	(INFO) 5 de noviembre de 2018 17:42:34 CET
	(INFO) 
	(INFO) 5 de noviembre de 2018 17:42:17 CET
	(INFO) Obteniendo los jugadores ordenados por Elo
	(INFO) 
	(INFO) 5 de noviembre de 2018 17:42:34 CET
	(INFO) 
	(INFO) 5 de noviembre de 2018 17:42:34 CET
	(INFO) 
	(INFO) 5 de noviembre de 2018 18:29:35 CET
	(INFO) Obteniendo los jugadores ordenados por Elo
	(INFO) 
	(INFO) 5 de noviembre de 2018 18:29:38 CET
	(INFO) 
	(INFO) 5 de noviembre de 2018 18:29:38 CET
	(INFO) 
	(INFO) 5 de noviembre de 2018 18:42:50 CET
	(INFO) Obteniendo los jugadores ordenados por Elo
	(INFO) 
	(INFO) 5 de noviembre de 2018 18:42:54 CET
	(INFO) 
	(INFO) 5 de noviembre de 2018 18:42:54 CET
	(INFO) 
	(INFO) 5 de noviembre de 2018 18:55:24 CET
	(INFO) Obteniendo los jugadores ordenados por Elo
	(INFO) 
	(INFO) 5 de noviembre de 2018 18:55:53 CET
	(INFO) Cargando ventana clsEleccion
	(INFO) 
	(INFO) 5 de noviembre de 2018 18:55:58 CET
	(INFO) Obteniendo los jugadores ordenados por Elo
	(INFO) 
	(INFO) 5 de noviembre de 2018 18:56:03 CET
	(INFO) Dando de alta máquina mareomotriz tr
	(INFO) Dando de alta máquina mareomotriz g
	(INFO) Dando de alta máquina mareomotriz gh
	(INFO) 
	(INFO) 5 de noviembre de 2018 18:56:39 CET
	(INFO) Dando de alta máquina mareomotriz g 
	(INFO) Dando de alta máquina mareomotriz t5
	(INFO) Dando de alta máquina mareomotriz t5
	(INFO) Dando de alta máquina mareomotriz tr
	(INFO) 
	(INFO) 5 de noviembre de 2018 18:55:58 CET
	(INFO) Obteniendo los jugadores ordenados por Elo
	(INFO) 
	(INFO) 5 de noviembre de 2018 18:56:03 CET
	(INFO) Dando de alta máquina mareomotriz tr
	(INFO) Dando de alta máquina mareomotriz g
	(INFO) Dando de alta máquina mareomotriz gh
	(INFO) 
	(INFO) 5 de noviembre de 2018 18:56:39 CET
	(INFO) Dando de alta máquina mareomotriz g 
	(INFO) Dando de alta máquina mareomotriz t5
	(INFO) Dando de alta máquina mareomotriz t5
	(INFO) Dando de alta máquina mareomotriz tr
	(INFO) 
	(INFO) 5 de noviembre de 2018 18:56:03 CET
	(INFO) Dando de alta máquina mareomotriz tr
	(INFO) Dando de alta máquina mareomotriz g
	(INFO) Dando de alta máquina mareomotriz gh
	(INFO) 
	(INFO) 5 de noviembre de 2018 18:56:39 CET
	(INFO) Dando de alta máquina mareomotriz g 
	(INFO) Dando de alta máquina mareomotriz t5
	(INFO) Dando de alta máquina mareomotriz t5
	(INFO) Dando de alta máquina mareomotriz tr
	(INFO) 
	(INFO) 5 de noviembre de 2018 18:56:39 CET
	(INFO) Dando de alta máquina mareomotriz g 
	(INFO) Dando de alta máquina mareomotriz t5
	(INFO) Dando de alta máquina mareomotriz t5
	(INFO) Dando de alta máquina mareomotriz tr
	(INFO) 
	(INFO) 5 de noviembre de 2018 18:59:54 CET
	(INFO) Obteniendo los jugadores ordenados por Elo
	(INFO) 
	(INFO) 5 de noviembre de 2018 18:59:57 CET
	(INFO) 
	(INFO) 5 de noviembre de 2018 18:59:57 CET
	(INFO) 
	(INFO) 5 de noviembre de 2018 19:08:16 CET
	(INFO) Obteniendo los jugadores ordenados por Elo
	(INFO) Obteniendo los jugadores ordenados por Elo
	(INFO) Obteniendo los jugadores ordenados por Elo
	(INFO) Obteniendo los jugadores ordenados por Elo
	(INFO) 
	(INFO) 5 de noviembre de 2018 19:08:32 CET
	(INFO) 
	(INFO) 5 de noviembre de 2018 19:08:32 CET
