	(INFO) 
	(INFO) 15 de noviembre de 2018 15:12:55 CET
	(INFO) 
	(INFO) 15 de noviembre de 2018 15:13:07 CET
	(INFO) Seleccionando máquinas HIDRÁULICAS
	(INFO) Seleccionando máquinas HIDRÁULICAS
	(INFO) Seleccionando MODIFICAR HIDRÁULICA
	(INFO) 
	(INFO) 15 de noviembre de 2018 15:13:18 CET
	(INFO) 
	(INFO) 15 de noviembre de 2018 15:13:18 CET
	(INFO) Modificando hidráulica de nombre: grbrfb
	(INFO) Seleccionando máquinas MAREOMOTRICES
	(INFO) Seleccionando MODIFICAR MAREOMOTRIZ
	(INFO) 
	(INFO) 15 de noviembre de 2018 15:13:31 CET
	(INFO) 
	(INFO) 15 de noviembre de 2018 15:13:31 CET
	(INFO) Modificando mareomotriz de nombre: fgb
	(INFO) Seleccionando máquinas SOLARES
	(INFO) Seleccionando máquinas SOLARES
	(INFO) Seleccionando MODIFICAR SOLAR
	(INFO) 
	(INFO) 15 de noviembre de 2018 15:13:46 CET
	(INFO) 
	(INFO) 15 de noviembre de 2018 15:13:46 CET
	(INFO) Modificando solar de nombre: gr
	(INFO) Seleccionando máquinas EÓLICAS
	(INFO) Seleccionando máquinas HIDRÁULICAS
	(INFO) Seleccionando máquinas MAREOMOTRICES
	(INFO) Seleccionando máquinas SOLARES
	(INFO) Seleccionando máquinas MAREOMOTRICES
	(INFO) Seleccionando máquinas SOLARES
	(INFO) Seleccionando máquinas HIDRÁULICAS
	(INFO) Seleccionando máquinas EÓLICAS
	(INFO) Seleccionando máquinas MAREOMOTRICES
	(INFO) Seleccionando MODIFICAR MAREOMOTRIZ
	(INFO) Modificando mareomotriz de nombre: fgb
	(INFO) Seleccionando máquinas MAREOMOTRICES
	(INFO) Volviendo al menu principal
	(INFO) 
	(INFO) 15 de noviembre de 2018 15:13:07 CET
	(INFO) Seleccionando máquinas HIDRÁULICAS
	(INFO) Seleccionando máquinas HIDRÁULICAS
	(INFO) Seleccionando MODIFICAR HIDRÁULICA
	(INFO) 
	(INFO) 15 de noviembre de 2018 15:13:18 CET
	(INFO) 
	(INFO) 15 de noviembre de 2018 15:13:18 CET
	(INFO) Modificando hidráulica de nombre: grbrfb
	(INFO) Seleccionando máquinas MAREOMOTRICES
	(INFO) Seleccionando MODIFICAR MAREOMOTRIZ
	(INFO) 
	(INFO) 15 de noviembre de 2018 15:13:31 CET
	(INFO) 
	(INFO) 15 de noviembre de 2018 15:13:31 CET
	(INFO) Modificando mareomotriz de nombre: fgb
	(INFO) Seleccionando máquinas SOLARES
	(INFO) Seleccionando máquinas SOLARES
	(INFO) Seleccionando MODIFICAR SOLAR
	(INFO) 
	(INFO) 15 de noviembre de 2018 15:13:46 CET
	(INFO) 
	(INFO) 15 de noviembre de 2018 15:13:46 CET
	(INFO) Modificando solar de nombre: gr
	(INFO) Seleccionando máquinas EÓLICAS
	(INFO) Seleccionando máquinas HIDRÁULICAS
	(INFO) Seleccionando máquinas MAREOMOTRICES
	(INFO) Seleccionando máquinas SOLARES
	(INFO) Seleccionando máquinas MAREOMOTRICES
	(INFO) Seleccionando máquinas SOLARES
	(INFO) Seleccionando máquinas HIDRÁULICAS
	(INFO) Seleccionando máquinas EÓLICAS
	(INFO) Seleccionando máquinas MAREOMOTRICES
	(INFO) Seleccionando MODIFICAR MAREOMOTRIZ
	(INFO) Modificando mareomotriz de nombre: fgb
	(INFO) Seleccionando máquinas MAREOMOTRICES
	(INFO) Volviendo al menu principal
	(INFO) 
	(INFO) 15 de noviembre de 2018 15:13:18 CET
	(INFO) 
	(INFO) 15 de noviembre de 2018 15:13:18 CET
	(INFO) Modificando hidráulica de nombre: grbrfb
	(INFO) Seleccionando máquinas MAREOMOTRICES
	(INFO) Seleccionando MODIFICAR MAREOMOTRIZ
	(INFO) 
	(INFO) 15 de noviembre de 2018 15:13:31 CET
	(INFO) 
	(INFO) 15 de noviembre de 2018 15:13:31 CET
	(INFO) Modificando mareomotriz de nombre: fgb
	(INFO) Seleccionando máquinas SOLARES
	(INFO) Seleccionando máquinas SOLARES
	(INFO) Seleccionando MODIFICAR SOLAR
	(INFO) 
	(INFO) 15 de noviembre de 2018 15:13:46 CET
	(INFO) 
	(INFO) 15 de noviembre de 2018 15:13:46 CET
	(INFO) Modificando solar de nombre: gr
	(INFO) Seleccionando máquinas EÓLICAS
	(INFO) Seleccionando máquinas HIDRÁULICAS
	(INFO) Seleccionando máquinas MAREOMOTRICES
	(INFO) Seleccionando máquinas SOLARES
	(INFO) Seleccionando máquinas MAREOMOTRICES
	(INFO) Seleccionando máquinas SOLARES
	(INFO) Seleccionando máquinas HIDRÁULICAS
	(INFO) Seleccionando máquinas EÓLICAS
	(INFO) Seleccionando máquinas MAREOMOTRICES
	(INFO) Seleccionando MODIFICAR MAREOMOTRIZ
	(INFO) Modificando mareomotriz de nombre: fgb
	(INFO) Seleccionando máquinas MAREOMOTRICES
	(INFO) Volviendo al menu principal
	(INFO) 
	(INFO) 15 de noviembre de 2018 15:13:18 CET
	(INFO) Modificando hidráulica de nombre: grbrfb
	(INFO) Seleccionando máquinas MAREOMOTRICES
	(INFO) Seleccionando MODIFICAR MAREOMOTRIZ
	(INFO) 
	(INFO) 15 de noviembre de 2018 15:13:31 CET
	(INFO) 
	(INFO) 15 de noviembre de 2018 15:13:31 CET
	(INFO) Modificando mareomotriz de nombre: fgb
	(INFO) Seleccionando máquinas SOLARES
	(INFO) Seleccionando máquinas SOLARES
	(INFO) Seleccionando MODIFICAR SOLAR
	(INFO) 
	(INFO) 15 de noviembre de 2018 15:13:46 CET
	(INFO) 
	(INFO) 15 de noviembre de 2018 15:13:46 CET
	(INFO) Modificando solar de nombre: gr
	(INFO) Seleccionando máquinas EÓLICAS
	(INFO) Seleccionando máquinas HIDRÁULICAS
	(INFO) Seleccionando máquinas MAREOMOTRICES
	(INFO) Seleccionando máquinas SOLARES
	(INFO) Seleccionando máquinas MAREOMOTRICES
	(INFO) Seleccionando máquinas SOLARES
	(INFO) Seleccionando máquinas HIDRÁULICAS
	(INFO) Seleccionando máquinas EÓLICAS
	(INFO) Seleccionando máquinas MAREOMOTRICES
	(INFO) Seleccionando MODIFICAR MAREOMOTRIZ
	(INFO) Modificando mareomotriz de nombre: fgb
	(INFO) Seleccionando máquinas MAREOMOTRICES
	(INFO) Volviendo al menu principal
	(INFO) 
	(INFO) 15 de noviembre de 2018 15:13:31 CET
	(INFO) 
	(INFO) 15 de noviembre de 2018 15:13:31 CET
	(INFO) Modificando mareomotriz de nombre: fgb
	(INFO) Seleccionando máquinas SOLARES
	(INFO) Seleccionando máquinas SOLARES
	(INFO) Seleccionando MODIFICAR SOLAR
	(INFO) 
	(INFO) 15 de noviembre de 2018 15:13:46 CET
	(INFO) 
	(INFO) 15 de noviembre de 2018 15:13:46 CET
	(INFO) Modificando solar de nombre: gr
	(INFO) Seleccionando máquinas EÓLICAS
	(INFO) Seleccionando máquinas HIDRÁULICAS
	(INFO) Seleccionando máquinas MAREOMOTRICES
	(INFO) Seleccionando máquinas SOLARES
	(INFO) Seleccionando máquinas MAREOMOTRICES
	(INFO) Seleccionando máquinas SOLARES
	(INFO) Seleccionando máquinas HIDRÁULICAS
	(INFO) Seleccionando máquinas EÓLICAS
	(INFO) Seleccionando máquinas MAREOMOTRICES
	(INFO) Seleccionando MODIFICAR MAREOMOTRIZ
	(INFO) Modificando mareomotriz de nombre: fgb
	(INFO) Seleccionando máquinas MAREOMOTRICES
	(INFO) Volviendo al menu principal
	(INFO) 
	(INFO) 15 de noviembre de 2018 15:13:31 CET
	(INFO) Modificando mareomotriz de nombre: fgb
	(INFO) Seleccionando máquinas SOLARES
	(INFO) Seleccionando máquinas SOLARES
	(INFO) Seleccionando MODIFICAR SOLAR
	(INFO) 
	(INFO) 15 de noviembre de 2018 15:13:46 CET
	(INFO) 
	(INFO) 15 de noviembre de 2018 15:13:46 CET
	(INFO) Modificando solar de nombre: gr
	(INFO) Seleccionando máquinas EÓLICAS
	(INFO) Seleccionando máquinas HIDRÁULICAS
	(INFO) Seleccionando máquinas MAREOMOTRICES
	(INFO) Seleccionando máquinas SOLARES
	(INFO) Seleccionando máquinas MAREOMOTRICES
	(INFO) Seleccionando máquinas SOLARES
	(INFO) Seleccionando máquinas HIDRÁULICAS
	(INFO) Seleccionando máquinas EÓLICAS
	(INFO) Seleccionando máquinas MAREOMOTRICES
	(INFO) Seleccionando MODIFICAR MAREOMOTRIZ
	(INFO) Modificando mareomotriz de nombre: fgb
	(INFO) Seleccionando máquinas MAREOMOTRICES
	(INFO) Volviendo al menu principal
	(INFO) 
	(INFO) 15 de noviembre de 2018 15:13:46 CET
	(INFO) 
	(INFO) 15 de noviembre de 2018 15:13:46 CET
	(INFO) Modificando solar de nombre: gr
	(INFO) Seleccionando máquinas EÓLICAS
	(INFO) Seleccionando máquinas HIDRÁULICAS
	(INFO) Seleccionando máquinas MAREOMOTRICES
	(INFO) Seleccionando máquinas SOLARES
	(INFO) Seleccionando máquinas MAREOMOTRICES
	(INFO) Seleccionando máquinas SOLARES
	(INFO) Seleccionando máquinas HIDRÁULICAS
	(INFO) Seleccionando máquinas EÓLICAS
	(INFO) Seleccionando máquinas MAREOMOTRICES
	(INFO) Seleccionando MODIFICAR MAREOMOTRIZ
	(INFO) Modificando mareomotriz de nombre: fgb
	(INFO) Seleccionando máquinas MAREOMOTRICES
	(INFO) Volviendo al menu principal
	(INFO) 
	(INFO) 15 de noviembre de 2018 15:13:46 CET
	(INFO) Modificando solar de nombre: gr
	(INFO) Seleccionando máquinas EÓLICAS
	(INFO) Seleccionando máquinas HIDRÁULICAS
	(INFO) Seleccionando máquinas MAREOMOTRICES
	(INFO) Seleccionando máquinas SOLARES
	(INFO) Seleccionando máquinas MAREOMOTRICES
	(INFO) Seleccionando máquinas SOLARES
	(INFO) Seleccionando máquinas HIDRÁULICAS
	(INFO) Seleccionando máquinas EÓLICAS
	(INFO) Seleccionando máquinas MAREOMOTRICES
	(INFO) Seleccionando MODIFICAR MAREOMOTRIZ
	(INFO) Modificando mareomotriz de nombre: fgb
	(INFO) Seleccionando máquinas MAREOMOTRICES
	(INFO) Volviendo al menu principal
